#
# There is insufficient memory for the Java Runtime Environment to continue.
# Native memory allocation (malloc) failed to allocate 1048576 bytes for AllocateHeap
# Possible reasons:
#   The system is out of physical RAM or swap space
#   In 32 bit mode, the process size limit was hit
# Possible solutions:
#   Reduce memory load on the system
#   Increase physical memory or swap space
#   Check if swap backing store is full
#   Use 64 bit Java on a 64 bit OS
#   Decrease Java heap size (-Xmx/-Xms)
#   Decrease number of Java threads
#   Decrease Java thread stack sizes (-Xss)
#   Set larger code cache with -XX:ReservedCodeCacheSize=
# This output file may be truncated or incomplete.
#
#  Out of Memory Error (memory/allocation.inline.hpp:61), pid=11932, tid=0x0000000000002228
#
# JRE version:  (8.0_131-b11) (build )
# Java VM: Java HotSpot(TM) 64-Bit Server VM (25.131-b11 mixed mode windows-amd64 compressed oops)
# Failed to write core dump. Minidumps are not enabled by default on client versions of Windows
#

---------------  T H R E A D  ---------------

Current thread (0x00000000035c4800):  JavaThread "Unknown thread" [_thread_in_vm, id=8744, stack(0x00000000033b0000,0x00000000034b0000)]

Stack: [0x00000000033b0000,0x00000000034b0000]
[error occurred during error reporting (printing stack bounds), id 0xc0000005]

Native frames: (J=compiled Java code, j=interpreted, Vv=VM code, C=native code)


---------------  P R O C E S S  ---------------

Java Threads: ( => current thread )

Other Threads:

=>0x00000000035c4800 (exited) JavaThread "Unknown thread" [_thread_in_vm, id=8744, stack(0x00000000033b0000,0x00000000034b0000)]

VM state:not at safepoint (normal execution)

VM Mutex/Monitor currently owned by a thread: None

Heap:
 PSYoungGen      total 37888K, used 655K [0x00000000d6380000, 0x00000000d8d80000, 0x0000000100000000)
  eden space 32768K, 2% used [0x00000000d6380000,0x00000000d6423d80,0x00000000d8380000)
  from space 5120K, 0% used [0x00000000d8880000,0x00000000d8880000,0x00000000d8d80000)
  to   space 5120K, 0% used [0x00000000d8380000,0x00000000d8380000,0x00000000d8880000)
 ParOldGen       total 86016K, used 0K [0x0000000082a00000, 0x0000000087e00000, 0x00000000d6380000)
  object space 86016K, 0% used [0x0000000082a00000,0x0000000082a00000,0x0000000087e00000)
 Metaspace       used 770K, capacity 4480K, committed 4480K, reserved 1056768K
  class space    used 75K, capacity 384K, committed 384K, reserved 1048576K

Card table byte_map: [0x0000000012a80000,0x0000000012e70000] byte_map_base: 0x000000001266b000

Marking Bits: (ParMarkBitMap*) 0x000000006f8dc720
 Begin Bits: [0x0000000013910000, 0x0000000015868000)
 End Bits:   [0x0000000015868000, 0x00000000177c0000)

Polling page: 0x0000000002fd0000

CodeCache: size=245760Kb used=328Kb max_used=328Kb free=245431Kb
 bounds [0x00000000036c0000, 0x0000000003930000, 0x00000000126c0000]
 total_blobs=58 nmethods=0 adapters=38
 compilation: enabled

Compilation events (0 events):
No events

GC Heap History (0 events):
No events

Deoptimization events (0 events):
No events

Internal exceptions (0 events):
No events

Events (10 events):
Event: 0.051 loading class java/lang/Short
Event: 0.051 loading class java/lang/Short done
Event: 0.051 loading class java/lang/Integer
Event: 0.051 loading class java/lang/Integer done
Event: 0.051 loading class java/lang/Long
Event: 0.051 loading class java/lang/Long done
Event: 0.052 loading class java/lang/NullPointerException
Event: 0.052 loading class java/lang/NullPointerException done
Event: 0.052 loading class java/lang/ArithmeticException
Event: 0.052 loading class java/lang/ArithmeticException done


Dynamic libraries:
0x00007ff6123b0000 - 0x00007ff6123e7000 	D:\Program Files\Java\jdk1.8.0_131\bin\java.exe
0x00007ffc60900000 - 0x00007ffc60aed000 	C:\Windows\SYSTEM32\ntdll.dll
0x00007ffc60810000 - 0x00007ffc608c3000 	C:\Windows\System32\KERNEL32.DLL
0x00007ffc5cec0000 - 0x00007ffc5d153000 	C:\Windows\System32\KERNELBASE.dll
0x00007ffc5ff50000 - 0x00007ffc5fff3000 	C:\Windows\System32\ADVAPI32.dll
0x00007ffc5db20000 - 0x00007ffc5dbbe000 	C:\Windows\System32\msvcrt.dll
0x00007ffc60230000 - 0x00007ffc602ce000 	C:\Windows\System32\sechost.dll
0x00007ffc60650000 - 0x00007ffc60772000 	C:\Windows\System32\RPCRT4.dll
0x00007ffc5e0d0000 - 0x00007ffc5e267000 	C:\Windows\System32\USER32.dll
0x00007ffc5db00000 - 0x00007ffc5db20000 	C:\Windows\System32\win32u.dll
0x00007ffc607e0000 - 0x00007ffc60809000 	C:\Windows\System32\GDI32.dll
0x00007ffc5cb40000 - 0x00007ffc5ccd9000 	C:\Windows\System32\gdi32full.dll
0x00007ffc5da60000 - 0x00007ffc5db00000 	C:\Windows\System32\msvcp_win.dll
0x00007ffc5d160000 - 0x00007ffc5d25a000 	C:\Windows\System32\ucrtbase.dll
0x00007ffc4f2b0000 - 0x00007ffc4f529000 	C:\Windows\WinSxS\amd64_microsoft.windows.common-controls_6595b64144ccf1df_6.0.17763.973_none_05b245900721eb81\COMCTL32.dll
0x00007ffc5dd20000 - 0x00007ffc5e04c000 	C:\Windows\System32\combase.dll
0x00007ffc5c9e0000 - 0x00007ffc5ca5e000 	C:\Windows\System32\bcryptPrimitives.dll
0x00007ffc5dbc0000 - 0x00007ffc5dbee000 	C:\Windows\System32\IMM32.DLL
0x00007ffc2b760000 - 0x00007ffc2bc0c000 	C:\Program Files\McAfee\DLP\Agent\fcagafa64.dll
0x00007ffc604f0000 - 0x00007ffc60645000 	C:\Windows\System32\ole32.dll
0x00007ffc57120000 - 0x00007ffc5712a000 	C:\Windows\SYSTEM32\VERSION.dll
0x00007ffc5c7f0000 - 0x00007ffc5c81f000 	C:\Windows\SYSTEM32\SspiCli.dll
0x00007ffc5b900000 - 0x00007ffc5b931000 	C:\Windows\SYSTEM32\ntmarta.dll
0x00007ffc429d0000 - 0x00007ffc42a7c000 	C:\Program Files\McAfee\Host Intrusion Prevention\HcApi.dll
0x00007ffc5ca60000 - 0x00007ffc5cab9000 	C:\Windows\System32\WINTRUST.dll
0x00007ffc5c9a0000 - 0x00007ffc5c9b2000 	C:\Windows\System32\MSASN1.dll
0x00007ffc5cce0000 - 0x00007ffc5cebc000 	C:\Windows\System32\CRYPT32.dll
0x0000000072960000 - 0x000000007296c000 	C:\Program Files\McAfee\Host Intrusion Prevention\HcThe.dll
0x00007ffc38950000 - 0x00007ffc38986000 	C:\Program Files\McAfee\Host Intrusion Prevention\HIPHandlers64.dll
0x00007ffc601d0000 - 0x00007ffc60222000 	C:\Windows\System32\SHLWAPI.dll
0x00000000706a0000 - 0x0000000070772000 	D:\Program Files\Java\jdk1.8.0_131\jre\bin\msvcr100.dll
0x000000006f0c0000 - 0x000000006f95c000 	D:\Program Files\Java\jdk1.8.0_131\jre\bin\server\jvm.dll
0x00007ffc5e3b0000 - 0x00007ffc5e3b8000 	C:\Windows\System32\PSAPI.DLL
0x00007ffc4f030000 - 0x00007ffc4f039000 	C:\Windows\SYSTEM32\WSOCK32.dll
0x00007ffc5e270000 - 0x00007ffc5e2dd000 	C:\Windows\System32\WS2_32.dll
0x00007ffc51c80000 - 0x00007ffc51ca4000 	C:\Windows\SYSTEM32\WINMM.dll
0x00007ffc51a40000 - 0x00007ffc51a6d000 	C:\Windows\SYSTEM32\WINMMBASE.dll
0x00007ffc5cac0000 - 0x00007ffc5cb0a000 	C:\Windows\System32\cfgmgr32.dll
0x0000000073620000 - 0x000000007362f000 	D:\Program Files\Java\jdk1.8.0_131\jre\bin\verify.dll
0x0000000070940000 - 0x0000000070969000 	D:\Program Files\Java\jdk1.8.0_131\jre\bin\java.dll
0x0000000070610000 - 0x0000000070633000 	D:\Program Files\Java\jdk1.8.0_131\jre\bin\instrument.dll
0x0000000070680000 - 0x0000000070696000 	D:\Program Files\Java\jdk1.8.0_131\jre\bin\zip.dll

VM Arguments:
jvm_args: -XX:TieredStopAtLevel=1 -Xverify:none -Dspring.output.ansi.enabled=always -Dcom.sun.management.jmxremote -Dspring.jmx.enabled=true -Dspring.liveBeansView.mbeanDomain -Dspring.application.admin.enabled=true -javaagent:E:\Program Files\JetBrains\IntelliJ IDEA 2019.3.3\lib\idea_rt.jar=1863:E:\Program Files\JetBrains\IntelliJ IDEA 2019.3.3\bin -Dfile.encoding=UTF-8 
java_command: com.example2.demo.DemoApplication
java_class_path (initial): D:\Program Files\Java\jdk1.8.0_131\jre\lib\charsets.jar;D:\Program Files\Java\jdk1.8.0_131\jre\lib\deploy.jar;D:\Program Files\Java\jdk1.8.0_131\jre\lib\ext\access-bridge-64.jar;D:\Program Files\Java\jdk1.8.0_131\jre\lib\ext\cldrdata.jar;D:\Program Files\Java\jdk1.8.0_131\jre\lib\ext\dnsns.jar;D:\Program Files\Java\jdk1.8.0_131\jre\lib\ext\jaccess.jar;D:\Program Files\Java\jdk1.8.0_131\jre\lib\ext\jfxrt.jar;D:\Program Files\Java\jdk1.8.0_131\jre\lib\ext\localedata.jar;D:\Program Files\Java\jdk1.8.0_131\jre\lib\ext\nashorn.jar;D:\Program Files\Java\jdk1.8.0_131\jre\lib\ext\sunec.jar;D:\Program Files\Java\jdk1.8.0_131\jre\lib\ext\sunjce_provider.jar;D:\Program Files\Java\jdk1.8.0_131\jre\lib\ext\sunmscapi.jar;D:\Program Files\Java\jdk1.8.0_131\jre\lib\ext\sunpkcs11.jar;D:\Program Files\Java\jdk1.8.0_131\jre\lib\ext\zipfs.jar;D:\Program Files\Java\jdk1.8.0_131\jre\lib\javaws.jar;D:\Program Files\Java\jdk1.8.0_131\jre\lib\jce.jar;D:\Program Files\Java\jdk1.8.0_131\jre\lib\jfr.jar;D:\Program Files\Java\jdk1.8.0_131\jre\lib\jfxswt.jar;D:\Program Files\Java\jdk1.8.0_131\jre\lib\jsse.jar;D:\Program Files\Java\jdk1.8.0_131\jre\lib\management-agent.jar;D:\Program Files\Java\jdk1.8.0_131\jre\lib\plugin.jar;D:\Program Files\Java\jdk1.8.0_131\jre\lib\resources.jar;D:\Program Files\Java\jdk1.8.0_131\jre\lib\rt.jar;E:\demo2\target\classes;C:\Users\yulong.zhao\.m2\repository\org\springframework\boot\spring-boot-starter-web\2.2.5.RELEASE\spring-boot-starter-web-2.2.5.RELEASE.jar;C:\Users\yulong.zhao\.m2\repository\org\springframework\boot\spring-boot-starter\2.2.5.RELEASE\spring-boot-starter-2.2.5.RELEASE.jar;C:\Users\yulong.zhao\.m2\repository\org\springframework\boot\spring-boot\2.2.5.RELEASE\spring-boot-2.2.5.RELEASE.jar;C:\Users\yulong.zhao\.m2\repository\org\springframework\boot\spring-boot-autoconfigure\2.2.5.RELEASE\spring-boot-autoconfigure-2.2.5.RELEASE.jar;C:\Users\yulong.zhao\.m2\repository\org\springframework\boot\spring-boot-starter-logging\
Launcher Type: SUN_STANDARD

Environment Variables:
JAVA_HOME=D:\Program Files\Java\jdk1.8.0_131
CLASSPATH=D:\Program Files\Java\jdk1.8.0_131\lib\dt.jar;D:\Program Files\Java\jdk1.8.0_131\lib\tools.jar
PATH=C:\ProgramData\Oracle\Java\javapath;C:\Windows\system32;C:\Windows;C:\Windows\System32\Wbem;C:\Windows\System32\WindowsPowerShell\v1.0\;C:\Windows\System32\OpenSSH\;C:\Program Files (x86)\Windows Kits\8.1\Windows Performance Toolkit\;C:\Program Files\Microsoft SQL Server\120\Tools\Binn\;D:\Program Files\TortoiseSVN\bin;D:\Program Files (x86)\GitExtensions\;D:\Program Files\Java\jdk1.8.0_131\bin;d:\Program Files\Git\cmd;D:\Python27\Scripts\;D:\Python27\;C:\Users\yulong.zhao\AppData\Local\Microsoft\WindowsApps;C:\Program Files\Bandizip\;;
USERNAME=yulong.zhao
OS=Windows_NT
PROCESSOR_IDENTIFIER=Intel64 Family 6 Model 142 Stepping 10, GenuineIntel



---------------  S Y S T E M  ---------------

OS: Windows 10.0 , 64 bit Build 17763 (10.0.17763.475)

CPU:total 8 (initial active 8) (4 cores per cpu, 2 threads per core) family 6 model 142 stepping 10, cmov, cx8, fxsr, mmx, sse, sse2, sse3, ssse3, sse4.1, sse4.2, popcnt, avx, avx2, aes, clmul, erms, 3dnowpref, lzcnt, ht, tsc, tscinvbit, bmi1, bmi2, adx

Memory: 4k page, physical 8209224k(1569728k free), swap 8209224k(5148k free)

vm_info: Java HotSpot(TM) 64-Bit Server VM (25.131-b11) for windows-amd64 JRE (1.8.0_131-b11), built on Mar 15 2017 01:23:53 by "java_re" with MS VC++ 10.0 (VS2010)

time: Mon Mar 23 11:24:02 2020
elapsed time: 0 seconds (0d 0h 0m 0s)

